Temp/gradleOut/unityLibrary/voxelbusters_utility_lib/build/outputs/logs/manifest-merger-release-report.txt
-- Merging decision tree log ---
manifest
ADDED from unityLibrary\voxelbusters_utility_lib\AndroidManifest.xml:2:1-11:12
INJECTED from unityLibrary\voxelbusters_utility_lib\AndroidManifest.xml:2:1-11:12
INJECTED from unityLibrary\voxelbusters_utility_lib\AndroidManifest.xml:2:1-11:12
INJECTED from unityLibrary\voxelbusters_utility_lib\AndroidManifest.xml:2:1-11:12
INJECTED from unityLibrary\voxelbusters_utility_lib\AndroidManifest.xml:2:1-11:12
INJECTED from unityLibrary\voxelbusters_utility_lib\AndroidManifest.xml:2:1-11:12
INJECTED from unityLibrary\voxelbusters_utility_lib\AndroidManifest.xml:2:1-11:12
	package
		ADDED from unityLibrary\voxelbusters_utility_lib\AndroidManifest.xml:4:5-39
		INJECTED from unityLibrary\voxelbusters_utility_lib\AndroidManifest.xml
		INJECTED from unityLibrary\voxelbusters_utility_lib\AndroidManifest.xml
	android:versionName
		ADDED from unityLibrary\voxelbusters_utility_lib\AndroidManifest.xml:6:5-30
		INJECTED from unityLibrary\voxelbusters_utility_lib\AndroidManifest.xml
		INJECTED from unityLibrary\voxelbusters_utility_lib\AndroidManifest.xml
	xmlns:android
		ADDED from unityLibrary\voxelbusters_utility_lib\AndroidManifest.xml:3:5-63
	android:versionCode
		ADDED from unityLibrary\voxelbusters_utility_lib\AndroidManifest.xml:5:5-28
		INJECTED from unityLibrary\voxelbusters_utility_lib\AndroidManifest.xml
		INJECTED from unityLibrary\voxelbusters_utility_lib\AndroidManifest.xml
uses-sdk
ADDED from unityLibrary\voxelbusters_utility_lib\AndroidManifest.xml:7:5-43
INJECTED from unityLibrary\voxelbusters_utility_lib\AndroidManifest.xml:7:5-43
INJECTED from unityLibrary\voxelbusters_utility_lib\AndroidManifest.xml:7:5-43
	android:targetSdkVersion
		INJECTED from unityLibrary\voxelbusters_utility_lib\AndroidManifest.xml
		ADDED from unityLibrary\voxelbusters_utility_lib\AndroidManifest.xml:7:5-43
		INJECTED from unityLibrary\voxelbusters_utility_lib\AndroidManifest.xml
	android:minSdkVersion
		ADDED from unityLibrary\voxelbusters_utility_lib\AndroidManifest.xml:7:15-40
application
ADDED from unityLibrary\voxelbusters_utility_lib\AndroidManifest.xml:8:5-9:19